This is pdfeTeX, Version 3.141592-1.21a-2.2 (Web2C 7.5.4) (format=latex 2008.2.19)  24 JUL 2008 10:16
entering extended mode
**manual
(./manual.tex
LaTeX2e <2003/12/01>
Babel <v3.8d> and hyphenation patterns for american, french, german, ngerman, b
ahasa, basque, bulgarian, catalan, croatian, czech, danish, dutch, esperanto, e
stonian, finnish, greek, icelandic, irish, italian, latin, magyar, norsk, polis
h, portuges, romanian, russian, serbian, slovak, slovene, spanish, swedish, tur
kish, ukrainian, nohyphenation, loaded.
(/usr/share/texmf/tex/latex/base/article.cls
Document Class: article 2004/02/16 v1.4f Standard LaTeX document class
(/usr/share/texmf/tex/latex/base/size11.clo
File: size11.clo 2004/02/16 v1.4f Standard LaTeX file (size option)
)
\c@part=\count79
\c@section=\count80
\c@subsection=\count81
\c@subsubsection=\count82
\c@paragraph=\count83
\c@subparagraph=\count84
\c@figure=\count85
\c@table=\count86
\abovecaptionskip=\skip41
\belowcaptionskip=\skip42
\bibindent=\dimen102
)
(/usr/share/texmf/tex/latex/graphics/graphicx.sty
Package: graphicx 1999/02/16 v1.0f Enhanced LaTeX Graphics (DPC,SPQR)

(/usr/share/texmf/tex/latex/graphics/keyval.sty
Package: keyval 1999/03/16 v1.13 key=value parser (DPC)
\KV@toks@=\toks14
)
(/usr/share/texmf/tex/latex/graphics/graphics.sty
Package: graphics 2001/07/07 v1.0n Standard LaTeX Graphics (DPC,SPQR)

(/usr/share/texmf/tex/latex/graphics/trig.sty
Package: trig 1999/03/16 v1.09 sin cos tan (DPC)
)
(/usr/share/texmf/tex/latex/graphics/graphics.cfg
File: graphics.cfg 2005/02/03 v1.3 graphics configuration of teTeX/TeXLive
)
Package graphics Info: Driver file: dvips.def on input line 80.

(/usr/share/texmf/tex/latex/graphics/dvips.def
File: dvips.def 1999/02/16 v3.0i Driver-dependant file (DPC,SPQR)
))
\Gin@req@height=\dimen103
\Gin@req@width=\dimen104
)
(/usr/share/texmf/tex/latex/natbib/natbib.sty
Package: natbib 2003/06/06 7.1 (PWD)
\bibhang=\skip43
\bibsep=\skip44
LaTeX Info: Redefining \cite on input line 518.
\c@NAT@ctr=\count87
) (/home/walter/becker/TEX/url.sty
Package: url 1996/10/19  ver 1.2  Verb mode for urls, email addresses, and file
 names
) (/usr/share/texmf/tex/latex/preprint/fullpage.sty
Package: fullpage 1999/02/23 1.1 (PWD)
\FP@margin=\skip45
)
(/usr/share/texmf/tex/latex/pslatex/pslatex.sty
Package: pslatex 1996/07/24 v1.2 pslatex emulation (DPC)
LaTeX Font Info:    Redeclaring symbol font `operators' on input line 65.
LaTeX Font Info:    Overwriting symbol font `operators' in version `normal'
(Font)                  OT1/cmr/m/n --> OT1/ptmcm/m/n on input line 65.
LaTeX Font Info:    Overwriting symbol font `operators' in version `bold'
(Font)                  OT1/cmr/bx/n --> OT1/ptmcm/m/n on input line 65.
LaTeX Font Info:    Redeclaring symbol font `letters' on input line 66.
LaTeX Font Info:    Overwriting symbol font `letters' in version `normal'
(Font)                  OML/cmm/m/it --> OML/ptmcm/m/it on input line 66.
LaTeX Font Info:    Overwriting symbol font `letters' in version `bold'
(Font)                  OML/cmm/b/it --> OML/ptmcm/m/it on input line 66.
LaTeX Font Info:    Redeclaring symbol font `symbols' on input line 67.
LaTeX Font Info:    Overwriting symbol font `symbols' in version `normal'
(Font)                  OMS/cmsy/m/n --> OMS/pzccm/m/n on input line 67.
LaTeX Font Info:    Overwriting symbol font `symbols' in version `bold'
(Font)                  OMS/cmsy/b/n --> OMS/pzccm/m/n on input line 67.
LaTeX Font Info:    Redeclaring symbol font `largesymbols' on input line 68.
LaTeX Font Info:    Overwriting symbol font `largesymbols' in version `normal'
(Font)                  OMX/cmex/m/n --> OMX/psycm/m/n on input line 68.
LaTeX Font Info:    Overwriting symbol font `largesymbols' in version `bold'
(Font)                  OMX/cmex/m/n --> OMX/psycm/m/n on input line 68.
\symbold=\mathgroup4
\symitalic=\mathgroup5
LaTeX Font Info:    Redeclaring math alphabet \mathbf on input line 74.
LaTeX Font Info:    Overwriting math alphabet `\mathbf' in version `normal'
(Font)                  OT1/cmr/bx/n --> OT1/ptm/bx/n on input line 74.
LaTeX Font Info:    Overwriting math alphabet `\mathbf' in version `bold'
(Font)                  OT1/cmr/bx/n --> OT1/ptm/bx/n on input line 74.
LaTeX Font Info:    Redeclaring math alphabet \mathit on input line 75.
LaTeX Font Info:    Overwriting math alphabet `\mathit' in version `normal'
(Font)                  OT1/cmr/m/it --> OT1/ptm/m/it on input line 75.
LaTeX Font Info:    Overwriting math alphabet `\mathit' in version `bold'
(Font)                  OT1/cmr/bx/it --> OT1/ptm/m/it on input line 75.
)
(/usr/share/texmf/tex/latex/caption/caption.sty
Package: caption 2006/01/12 v3.0i Customising captions (AR)

(/usr/share/texmf/tex/latex/caption/caption3.sty
Package: caption3 2006/01/12 v3.0i caption3 kernel (AR)
\captionmargin=\dimen105
\captionmarginx=\dimen106
\captionwidth=\dimen107
\captionindent=\dimen108
\captionparindent=\dimen109
\captionhangindent=\dimen110
)) (./manual.aux)
\openout1 = `manual.aux'.

LaTeX Font Info:    Checking defaults for OML/cmm/m/it on input line 15.
LaTeX Font Info:    ... okay on input line 15.
LaTeX Font Info:    Checking defaults for T1/cmr/m/n on input line 15.
LaTeX Font Info:    ... okay on input line 15.
LaTeX Font Info:    Checking defaults for OT1/cmr/m/n on input line 15.
LaTeX Font Info:    ... okay on input line 15.
LaTeX Font Info:    Checking defaults for OMS/pzccm/m/n on input line 15.
LaTeX Font Info:    Try loading font information for OMS+pzccm on input line 15
.

(/usr/share/texmf/tex/latex/psnfss/omspzccm.fd
File: omspzccm.fd 2000/01/03 Fontinst v1.801 font definitions for OMS/pzccm.
)
LaTeX Font Info:    ... okay on input line 15.
LaTeX Font Info:    Checking defaults for OMX/cmex/m/n on input line 15.
LaTeX Font Info:    ... okay on input line 15.
LaTeX Font Info:    Checking defaults for U/cmr/m/n on input line 15.
LaTeX Font Info:    ... okay on input line 15.

(/usr/share/texmf/tex/latex/ms/ragged2e.sty
Package: ragged2e 2003/03/25 v2.04 ragged2e Package (MS)

(/usr/share/texmf/tex/latex/ms/everysel.sty
Package: everysel 1999/06/08 v1.03 EverySelectfont Package (MS)
LaTeX Info: Redefining \selectfont on input line 125.
)
\CenteringLeftskip=\skip46
\RaggedLeftLeftskip=\skip47
\RaggedRightLeftskip=\skip48
\CenteringRightskip=\skip49
\RaggedLeftRightskip=\skip50
\RaggedRightRightskip=\skip51
\CenteringParfillskip=\skip52
\RaggedLeftParfillskip=\skip53
\RaggedRightParfillskip=\skip54
\JustifyingParfillskip=\skip55
\CenteringParindent=\skip56
\RaggedLeftParindent=\skip57
\RaggedRightParindent=\skip58
\JustifyingParindent=\skip59
)
LaTeX Font Info:    Try loading font information for OT1+ptmcm on input line 16
.

(/usr/share/texmf/tex/latex/psnfss/ot1ptmcm.fd
File: ot1ptmcm.fd 2000/01/03 Fontinst v1.801 font definitions for OT1/ptmcm.
)
LaTeX Font Info:    Try loading font information for OML+ptmcm on input line 16
.

(/usr/share/texmf/tex/latex/psnfss/omlptmcm.fd
File: omlptmcm.fd 2000/01/03 Fontinst v1.801 font definitions for OML/ptmcm.
)
LaTeX Font Info:    Try loading font information for OMX+psycm on input line 16
.

(/usr/share/texmf/tex/latex/psnfss/omxpsycm.fd
File: omxpsycm.fd 2000/01/03 Fontinst v1.801 font definitions for OMX/psycm.
)
LaTeX Font Info:    Font shape `OT1/ptm/bx/n' in size <12> not available
(Font)              Font shape `OT1/ptm/b/n' tried instead on input line 16.
LaTeX Font Info:    Font shape `OT1/ptm/bx/n' in size <9> not available
(Font)              Font shape `OT1/ptm/b/n' tried instead on input line 16.
LaTeX Font Info:    Font shape `OT1/ptm/bx/n' in size <7> not available
(Font)              Font shape `OT1/ptm/b/n' tried instead on input line 16.
LaTeX Font Info:    Font shape `OT1/ptm/bx/n' in size <5> not available
(Font)              Font shape `OT1/ptm/b/n' tried instead on input line 16.
LaTeX Font Info:    Font shape `OT1/ptm/bx/n' in size <10> not available
(Font)              Font shape `OT1/ptm/b/n' tried instead on input line 18.
 [1

]
LaTeX Font Info:    Font shape `OT1/ptm/bx/n' in size <14.4> not available
(Font)              Font shape `OT1/ptm/b/n' tried instead on input line 41.
 (./manual.toc
LaTeX Font Info:    Font shape `OT1/ptm/bx/n' in size <10.95> not available
(Font)              Font shape `OT1/ptm/b/n' tried instead on input line 1.
LaTeX Font Info:    Font shape `OT1/ptm/bx/n' in size <8> not available
(Font)              Font shape `OT1/ptm/b/n' tried instead on input line 6.
LaTeX Font Info:    Font shape `OT1/ptm/bx/n' in size <6> not available
(Font)              Font shape `OT1/ptm/b/n' tried instead on input line 6.
)
\tf@toc=\write3
\openout3 = `manual.toc'.

 [2

] [3


]
Underfull \hbox (badness 10000) in paragraph at lines 110--113

 []


Underfull \hbox (badness 10000) in paragraph at lines 114--116

 []


Underfull \hbox (badness 10000) in paragraph at lines 117--119

 []


Underfull \hbox (badness 10000) in paragraph at lines 120--121

 []


Underfull \hbox (badness 10000) in paragraph at lines 122--125

 []

[4

]
Underfull \hbox (badness 10000) in paragraph at lines 191--193

 []


Underfull \hbox (badness 10000) in paragraph at lines 194--195

 []

[5

]
Overfull \hbox (27.37506pt too wide) in paragraph at lines 220--228
[] 
 []


Underfull \hbox (badness 10000) in paragraph at lines 260--261

 []


Underfull \hbox (badness 10000) in paragraph at lines 262--263

 []

[6]
Overfull \hbox (27.37506pt too wide) in paragraph at lines 325--334
[] 
 []


Overfull \hbox (27.37506pt too wide) in paragraph at lines 325--334
[] 
 []

[7] [8]
Overfull \hbox (27.37506pt too wide) in paragraph at lines 453--459
[] 
 []


Overfull \hbox (27.37506pt too wide) in paragraph at lines 460--468
[] 
 []


Overfull \hbox (27.37506pt too wide) in paragraph at lines 469--473
[] 
 []

[9]
Overfull \hbox (27.37506pt too wide) in paragraph at lines 534--544
[] 
 []


Overfull \hbox (27.37506pt too wide) in paragraph at lines 546--552
[] 
 []


Overfull \hbox (27.37506pt too wide) in paragraph at lines 554--564
[] 
 []


Overfull \hbox (27.37506pt too wide) in paragraph at lines 565--570
[] 
 []


Overfull \hbox (27.37506pt too wide) in paragraph at lines 571--577
[] 
 []

[10]
Overfull \hbox (20.92053pt too wide) in paragraph at lines 579--583
[]\OT1/ptm/m/n/10.95 Simon Mc-Clusky pro-vided a rou-tine that han-dles ve-loc-
ity so-lu-tion plot-ting us-ing $\OT1/pcr/m/n/10.95 psvelomeca$\OT1/ptm/m/n/10.
95 .
 []


Overfull \hbox (27.37506pt too wide) in paragraph at lines 594--612
[] 
 []


Underfull \hbox (badness 10000) in paragraph at lines 649--654

 []

[11]
Underfull \hbox (badness 10000) in paragraph at lines 655--656

 []


Overfull \hbox (78.61177pt too wide) in paragraph at lines 672--678
[]\OT1/ptm/m/n/10.95 The menu list is di-vided into six pull down menus, $\OT1/
pcr/m/n/10.95 File / Plot$\OT1/ptm/m/n/10.95 , $\OT1/pcr/m/n/10.95 Datasets$\OT
1/ptm/m/n/10.95 , $\OT1/pcr/m/n/10.95 Dataparameters$\OT1/ptm/m/n/10.95 , $\OT1
/pcr/m/n/10.95 Mapparameters$\OT1/ptm/m/n/10.95 ,\OT1/pcr/m/n/10.95 Scripting
 []

LaTeX Font Info:    Font shape `OMS/ptm/m/n' in size <10.95> not available
(Font)              Font shape `OMS/pzccm/m/n' tried instead on input line 686.

[12] [13] [14]
File: ./examples/example1.ps Graphic file (type eps)
 <./examples/example1.ps> [15]
File: ./examples/example2.ps Graphic file (type eps)
 <./examples/example2.ps>
File: ./examples/example3.ps Graphic file (type eps)

<./examples/example3.ps>
File: ./examples/example4.ps Graphic file (type eps)
 <./examples/example4.ps> [16] [17] (./manual.bbl
Underfull \hbox (badness 1436) in paragraph at lines 9--13
[]\OT1/ptm/m/n/10.95 Dunbar, P. K., Lock-ridge, P. A., and Whitewide, L. S. (19
97).  \OT1/ptm/m/it/10.95 Cat-a-log of Sig-nif-i-cant Earth-
 []

LaTeX Font Info:    Font shape `OT1/pcr/m/it' in size <10.95> not available
(Font)              Font shape `OT1/pcr/m/sl' tried instead on input line 67.

Underfull \hbox (badness 7379) in paragraph at lines 71--77
[]\OT1/ptm/m/n/10.95 M[]uller, D., Roest, W. R., Royer, J.-Y., Ga-ha-gan, L. M.
, and Sclater, J. G. (1997b).
 []


Underfull \hbox (badness 10000) in paragraph at lines 71--77
\OT1/ptm/m/n/10.95 Dig-i-tal isochrons of the world's ocean floor.  \OT1/ptm/m/
it/10.95 J. Geo-phys. Res.\OT1/ptm/m/n/10.95 , 102:3211--3214.
 []

[18

]) [19] [20

] [21]
Underfull \hbox (badness 10000) in paragraph at lines 1133--1135

 []


Overfull \hbox (14.45981pt too wide) in paragraph at lines 1156--1167
 \OT1/ptm/b/n/10.95 Us-ing other path names for the data sets.[] \OT1/ptm/m/n/1
0.95 All path-names to data lo-ca-tions are as-signed in $\OT1/pcr/m/n/10.95 ig
mt _ configure .
 []

[22] [23] (./manual.aux) ) 
Here is how much of TeX's memory you used:
 1630 strings out of 94501
 22765 string characters out of 1176789
 75542 words of memory out of 1000000
 4802 multiletter control sequences out of 10000+50000
 29459 words of font info for 73 fonts, out of 500000 for 2000
 580 hyphenation exceptions out of 1000
 35i,11n,45p,507b,303s stack positions out of 1500i,500n,5000p,200000b,5000s

Output written on manual.dvi (23 pages, 77072 bytes).
