This is TeX, Version 3.1415 (C version 6.1) (format=latex 96.3.27)  16 OCT 1998 13:37
**\nonstopmode\input{manual.tex}
(manual.tex (/usr/freeware/lib/texmf/tex/latex/base/article.cls
Document Class: article 1995/06/26 v1.3g Standard LaTeX document class
(/usr/freeware/lib/texmf/tex/latex/base/size10.clo
File: size10.clo 1995/06/26 v1.3g Standard LaTeX file (size option)
)
\c@part=\count82
\c@section=\count83
\c@subsection=\count84
\c@subsubsection=\count85
\c@paragraph=\count86
\c@subparagraph=\count87
\c@figure=\count88
\c@table=\count89
\abovecaptionskip=\skip41
\belowcaptionskip=\skip42
\bibindent=\dimen102
) (manual.aux)
LaTeX Font Info:    Checking defaults for OML/cmm/m/it on input line 2.
LaTeX Font Info:    ... okay on input line 2.
LaTeX Font Info:    Checking defaults for T1/cmr/m/n on input line 2.
LaTeX Font Info:    ... okay on input line 2.
LaTeX Font Info:    Checking defaults for OT1/cmr/m/n on input line 2.
LaTeX Font Info:    ... okay on input line 2.
LaTeX Font Info:    Checking defaults for OMS/cmsy/m/n on input line 2.
LaTeX Font Info:    ... okay on input line 2.
LaTeX Font Info:    Checking defaults for OMX/cmex/m/n on input line 2.
LaTeX Font Info:    ... okay on input line 2.
LaTeX Font Info:    Checking defaults for U/cmr/m/n on input line 2.
LaTeX Font Info:    ... okay on input line 2.
LaTeX Font Info:    External font `cmex10' loaded for size
(Font)              <7> on input line 15.
LaTeX Font Info:    External font `cmex10' loaded for size
(Font)              <5> on input line 15.

Overfull \hbox (50.54611pt too wide) in paragraph at lines 15--44
[] 
 []

[1

] (manual.aux) ) 
Here is how much of TeX's memory you used:
 221 strings out of 10957
 2097 string characters out of 73532
 47537 words of memory out of 262141
 3121 multiletter control sequences out of 9500
 4850 words of font info for 18 fonts, out of 100000 for 255
 14 hyphenation exceptions out of 607
 24i,8n,18p,150b,149s stack positions out of 300i,40n,60p,3000b,4000s

Output written on manual.dvi (1 page, 2752 bytes).
